// 重构日志: 6f366a95
// 重构日志: 5d2b69cc
// 重构日志: 5e505b34
// 重构日志: f661b777
// 同步 ID: 11d44e56 @ Wed Jun 24 13:53:30 UTC 2026
// 同步 ID: f4fb8039 @ Thu Jun 25 00:12:48 UTC 2026
// 重构日志: c8c1b4ce
// 重构日志: 3d206c31
// 重构日志: 4c37afd6
// 重构日志: 89a9adce
// 重构日志: ba9e0848
// 同步 ID: 7b859db4 @ Mon Jun 29 13:25:49 UTC 2026
// 同步 ID: f81572f2 @ Thu Jul  2 06:54:40 UTC 2026
// 重构日志: d81a6070
// 重构日志: 6da9cdee
// 重构日志: bcc216e8
// 重构日志: 39e3573f
// 重构日志: 00a8ef78
// 同步 ID: 9feae8b1 @ Sat Jul  4 11:32:33 UTC 2026
// 同步 ID: 747680b5 @ Sun Jul  5 08:05:58 UTC 2026
// 重构日志: d33effa1
// 同步 ID: d9e438ec @ Sun Jul  5 18:05:34 UTC 2026
// 重构日志: 23698080
// 同步 ID: 910579e4 @ Sun Jul  5 23:25:49 UTC 2026
// 同步 ID: c615e03b @ Mon Jul  6 10:19:50 UTC 2026
// 同步 ID: da70cf0a @ Tue Jul  7 10:26:19 UTC 2026
// 同步 ID: 84e77673 @ Tue Jul  7 17:25:00 UTC 2026
// 重构日志: 9e7f8abe
// 同步 ID: f6bc47ff @ Thu Jul  9 01:09:57 UTC 2026
// 同步 ID: 55155d67 @ Thu Jul  9 05:41:40 UTC 2026
